0 info it worked if it ends with ok
1 verbose cli [ '/usr/bin/node', '/usr/bin/npm', 'install', 'nodemailer' ]
2 info using npm@1.4.28
3 info using node@v0.10.33
4 verbose node symlink /usr/bin/node
5 verbose readDependencies using package.json deps
6 verbose cache add [ 'nodemailer', null ]
7 verbose cache add name=undefined spec="nodemailer" args=["nodemailer",null]
8 verbose parsed url { protocol: null,
8 verbose parsed url   slashes: null,
8 verbose parsed url   auth: null,
8 verbose parsed url   host: null,
8 verbose parsed url   port: null,
8 verbose parsed url   hostname: null,
8 verbose parsed url   hash: null,
8 verbose parsed url   search: null,
8 verbose parsed url   query: null,
8 verbose parsed url   pathname: 'nodemailer',
8 verbose parsed url   path: 'nodemailer',
8 verbose parsed url   href: 'nodemailer' }
9 silly lockFile 2e159dcb-nodemailer nodemailer
10 verbose lock nodemailer /home/corbin/.npm/2e159dcb-nodemailer.lock
11 silly lockFile 2e159dcb-nodemailer nodemailer
12 error Error: Attempt to unlock nodemailer, which hasn't been locked
12 error     at unlock (/usr/lib/node_modules/npm/lib/utils/locker.js:44:11)
12 error     at cb (/usr/lib/node_modules/npm/lib/cache/add-local.js:30:5)
12 error     at /usr/lib/node_modules/npm/lib/cache/add-local.js:47:20
12 error     at /usr/lib/node_modules/npm/lib/utils/locker.js:30:7
12 error     at cb (/usr/lib/node_modules/npm/node_modules/lockfile/lockfile.js:149:38)
12 error     at /usr/lib/node_modules/npm/node_modules/lockfile/lockfile.js:177:38
12 error     at Object.oncomplete (fs.js:107:15)
13 error If you need help, you may report this *entire* log,
13 error including the npm and node versions, at:
13 error     <http://github.com/npm/npm/issues>
14 error System Linux 3.13.0-37-generic
15 error command "/usr/bin/node" "/usr/bin/npm" "install" "nodemailer"
16 error cwd /home/corbin/CSE170/hciproject
17 error node -v v0.10.33
18 error npm -v 1.4.28
19 verbose exit [ 1, true ]
